/gpfs/home/bz957/.bash_profile: line 27: /gpfs/data/luilab/BRATS/fsl/etc/fslconf/fsl.sh: No such file or directory
INFO: Using device cuda
INFO: Network:
	3 input channels
	1 output channels (classes)
	Bilinear upscaling
Traceback (most recent call last):
  File "train.py", line 188, in <module>
    val_percent=args.val / 100)
  File "train.py", line 30, in train_net
    dataset = BasicDataset(dir_img, dir_truth, img_scale)
  File "/gpfs/scratch/bz957/Motion_Correction/Pytorch-UNet-master/utils/dataset.py", line 15, in __init__
    self.img_dataset,  self.truth_dataset = self.load_dataset(self.imgs_dir,self.truth_dir)
  File "/gpfs/scratch/bz957/Motion_Correction/Pytorch-UNet-master/utils/dataset.py", line 70, in load_dataset
    image_3d_s = self.preprocess(image_3d_s)
  File "/gpfs/scratch/bz957/Motion_Correction/Pytorch-UNet-master/utils/dataset.py", line 53, in preprocess
    img_3d = self.pad(img_3d, (img_shape[0],256,256),offsets)
  File "/gpfs/scratch/bz957/Motion_Correction/Pytorch-UNet-master/utils/dataset.py", line 33, in pad
    insertHere = [slice(offset[dim], offset[dim] + array.shape[dim]) for dim in range(a.ndim)]
NameError: name 'a' is not defined
